<?xml version="1.0" encoding="UTF-8"?>
<testsuite xmlns:xsi="http://www.w3.org/2001/XMLSchema-instance" xsi:noNamespaceSchemaLocation="https://maven.apache.org/surefire/maven-surefire-plugin/xsd/surefire-test-report.xsd" name="TestSuite" time="0.353" tests="0" errors="0" skipped="0" failures="0">
  <properties>
    <property name="gopherProxySet" value="false"/>
    <property name="awt.toolkit" value="sun.lwawt.macosx.LWCToolkit"/>
    <property name="file.encoding.pkg" value="sun.io"/>
    <property name="java.specification.version" value="1.8"/>
    <property name="sun.cpu.isalist" value=""/>
    <property name="sun.jnu.encoding" value="UTF-8"/>
    <property name="java.class.path" value="/Volumes/Original HDD/Development/Innovation Studio/Projects/assetmgmt/ui-automation/target/test-classes:/Volumes/Original HDD/Development/Innovation Studio/Projects/assetmgmt/ui-automation/target/classes:/Users/thierry/.m2/repository/com/bmc/arsys/com.bmc.arsys.rx.standardlib/18.2.0-SNAPSHOT/com.bmc.arsys.rx.standardlib-18.2.0-SNAPSHOT.jar:/Users/thierry/.m2/repository/com/bmc/arsys/com.bmc.arsys.rx.services/18.2.0-SNAPSHOT/com.bmc.arsys.rx.services-18.2.0-SNAPSHOT.jar:/Users/thierry/.m2/repository/com/bmc/arsys/com.bmc.arsys.rx.application/18.2.0-SNAPSHOT/com.bmc.arsys.rx.application-18.2.0-SNAPSHOT.jar:/Users/thierry/.m2/repository/javax/ws/rs/javax.ws.rs-api/2.0.1/javax.ws.rs-api-2.0.1.jar:/Users/thierry/.m2/repository/org/glassfish/jersey/core/jersey-common/2.22.2/jersey-common-2.22.2.jar:/Users/thierry/.m2/repository/javax/annotation/javax.annotation-api/1.2/javax.annotation-api-1.2.jar:/Users/thierry/.m2/repository/org/glassfish/jersey/bundles/repackaged/jersey-guava/2.22.2/jersey-guava-2.22.2.jar:/Users/thierry/.m2/repository/org/glassfish/hk2/hk2-api/2.4.0-b34/hk2-api-2.4.0-b34.jar:/Users/thierry/.m2/repository/org/glassfish/hk2/hk2-utils/2.4.0-b34/hk2-utils-2.4.0-b34.jar:/Users/thierry/.m2/repository/org/glassfish/hk2/external/aopalliance-repackaged/2.4.0-b34/aopalliance-repackaged-2.4.0-b34.jar:/Users/thierry/.m2/repository/org/glassfish/hk2/external/javax.inject/2.4.0-b34/javax.inject-2.4.0-b34.jar:/Users/thierry/.m2/repository/org/glassfish/hk2/hk2-locator/2.4.0-b34/hk2-locator-2.4.0-b34.jar:/Users/thierry/.m2/repository/org/javassist/javassist/3.18.1-GA/javassist-3.18.1-GA.jar:/Users/thierry/.m2/repository/org/glassfish/hk2/osgi-resource-locator/1.0.1/osgi-resource-locator-1.0.1.jar:/Users/thierry/.m2/repository/org/glassfish/jersey/core/jersey-client/2.22.2/jersey-client-2.22.2.jar:/Users/thierry/.m2/repository/org/glassfish/jersey/media/jersey-media-json-jackson/2.22.2/jersey-media-json-jackson-2.22.2.jar:/Users/thierry/.m2/repository/org/glassfish/jersey/ext/jersey-entity-filtering/2.22.2/jersey-entity-filtering-2.22.2.jar:/Users/thierry/.m2/repository/com/fasterxml/jackson/jaxrs/jackson-jaxrs-base/2.5.4/jackson-jaxrs-base-2.5.4.jar:/Users/thierry/.m2/repository/com/fasterxml/jackson/jaxrs/jackson-jaxrs-json-provider/2.5.4/jackson-jaxrs-json-provider-2.5.4.jar:/Users/thierry/.m2/repository/com/fasterxml/jackson/core/jackson-core/2.8.6/jackson-core-2.8.6.jar:/Users/thierry/.m2/repository/com/fasterxml/jackson/core/jackson-databind/2.8.6/jackson-databind-2.8.6.jar:/Users/thierry/.m2/repository/com/fasterxml/jackson/core/jackson-annotations/2.8.6/jackson-annotations-2.8.6.jar:/Users/thierry/.m2/repository/com/fasterxml/jackson/module/jackson-module-jsonSchema/2.8.6/jackson-module-jsonSchema-2.8.6.jar:/Users/thierry/.m2/repository/org/aspectj/aspectjrt/1.8.4/aspectjrt-1.8.4.jar:/Users/thierry/.m2/repository/org/springframework/spring-aspects/4.1.2.RELEASE/spring-aspects-4.1.2.RELEASE.jar:/Users/thierry/.m2/repository/org/aspectj/aspectjweaver/1.8.3/aspectjweaver-1.8.3.jar:/Users/thierry/.m2/repository/org/springframework/spring-tx/4.1.2.RELEASE/spring-tx-4.1.2.RELEASE.jar:/Users/thierry/.m2/repository/org/springframework/spring-beans/4.1.2.RELEASE/spring-beans-4.1.2.RELEASE.jar:/Users/thierry/.m2/repository/org/springframework/spring-core/4.1.2.RELEASE/spring-core-4.1.2.RELEASE.jar:/Users/thierry/.m2/repository/javax/validation/validation-api/1.1.0.Final/validation-api-1.1.0.Final.jar:/Users/thierry/.m2/repository/org/hibernate/hibernate-validator/5.2.3.Final/hibernate-validator-5.2.3.Final.jar:/Users/thierry/.m2/repository/org/jboss/logging/jboss-logging/3.2.1.Final/jboss-logging-3.2.1.Final.jar:/Users/thierry/.m2/repository/com/fasterxml/classmate/1.1.0/classmate-1.1.0.jar:/Users/thierry/.m2/repository/org/testng/testng/6.9.10/testng-6.9.10.jar:/Users/thierry/.m2/repository/com/beust/jcommander/1.48/jcommander-1.48.jar:/Users/thierry/.m2/repository/org/beanshell/bsh/2.0b4/bsh-2.0b4.jar:/Users/thierry/.m2/repository/joda-time/joda-time/1.6.2/joda-time-1.6.2.jar:/Users/thierry/.m2/repository/org/hamcrest/hamcrest-core/1.3/hamcrest-core-1.3.jar:/Users/thierry/.m2/repository/commons-lang/commons-lang/2.6/commons-lang-2.6.jar:/Users/thierry/.m2/repository/com/bmc/rx/test/automation-framework/18.2.0-SNAPSHOT/automation-framework-18.2.0-SNAPSHOT.jar:/Users/thierry/.m2/repository/com/bmc/rx/test/automation-framework-ui/18.2.0-SNAPSHOT/automation-framework-ui-18.2.0-SNAPSHOT.jar:/Users/thierry/.m2/repository/org/json/json/20090211/json-20090211.jar:/Users/thierry/.m2/repository/com/tngtech/jgiven/jgiven-testng/0.14.0/jgiven-testng-0.14.0.jar:/Users/thierry/.m2/repository/org/slf4j/slf4j-api/1.7.21/slf4j-api-1.7.21.jar:/Users/thierry/.m2/repository/com/tngtech/jgiven/jgiven-core/0.14.0/jgiven-core-0.14.0.jar:/Users/thierry/.m2/repository/com/thoughtworks/paranamer/paranamer/2.8/paranamer-2.8.jar:/Users/thierry/.m2/repository/net/bytebuddy/byte-buddy/1.5.1/byte-buddy-1.5.1.jar:/Users/thierry/.m2/repository/org/fusesource/jansi/jansi/1.13/jansi-1.13.jar:/Users/thierry/.m2/repository/com/tngtech/jgiven/jgiven-html5-report/0.14.0/jgiven-html5-report-0.14.0.jar:/Users/thierry/.m2/repository/org/awaitility/awaitility/2.0.0/awaitility-2.0.0.jar:/Users/thierry/.m2/repository/org/hamcrest/hamcrest-library/1.3/hamcrest-library-1.3.jar:/Users/thierry/.m2/repository/cglib/cglib-nodep/3.1/cglib-nodep-3.1.jar:/Users/thierry/.m2/repository/org/objenesis/objenesis/2.1/objenesis-2.1.jar:/Users/thierry/.m2/repository/org/slf4j/slf4j-log4j12/1.7.13/slf4j-log4j12-1.7.13.jar:/Users/thierry/.m2/repository/org/glassfish/jersey/media/jersey-media-multipart/2.13/jersey-media-multipart-2.13.jar:/Users/thierry/.m2/repository/org/jvnet/mimepull/mimepull/1.9.3/mimepull-1.9.3.jar:/Users/thierry/.m2/repository/com/fasterxml/jackson/datatype/jackson-datatype-json-org/2.4.0/jackson-datatype-json-org-2.4.0.jar:/Users/thierry/.m2/repository/org/apache/geronimo/bundles/json/20090211_1/json-20090211_1.jar:/Users/thierry/.m2/repository/log4j/log4j/1.2.17/log4j-1.2.17.jar:/Users/thierry/.m2/repository/org/codehaus/plexus/plexus-utils/2.0.5/plexus-utils-2.0.5.jar:/Users/thierry/.m2/repository/com/fasterxml/jackson/module/jackson-module-jaxb-annotations/2.7.5/jackson-module-jaxb-annotations-2.7.5.jar:/Users/thierry/.m2/repository/net/java/dev/jna/jna/3.2.7/jna-3.2.7.jar:/Users/thierry/.m2/repository/org/seleniumhq/selenium/selenium-java/3.4.0/selenium-java-3.4.0.jar:/Users/thierry/.m2/repository/org/seleniumhq/selenium/selenium-api/3.4.0/selenium-api-3.4.0.jar:/Users/thierry/.m2/repository/org/seleniumhq/selenium/selenium-chrome-driver/3.4.0/selenium-chrome-driver-3.4.0.jar:/Users/thierry/.m2/repository/org/seleniumhq/selenium/selenium-edge-driver/3.4.0/selenium-edge-driver-3.4.0.jar:/Users/thierry/.m2/repository/org/seleniumhq/selenium/selenium-firefox-driver/3.4.0/selenium-firefox-driver-3.4.0.jar:/Users/thierry/.m2/repository/org/seleniumhq/selenium/selenium-ie-driver/3.4.0/selenium-ie-driver-3.4.0.jar:/Users/thierry/.m2/repository/org/seleniumhq/selenium/selenium-opera-driver/3.4.0/selenium-opera-driver-3.4.0.jar:/Users/thierry/.m2/repository/org/seleniumhq/selenium/selenium-remote-driver/3.4.0/selenium-remote-driver-3.4.0.jar:/Users/thierry/.m2/repository/org/seleniumhq/selenium/selenium-safari-driver/3.4.0/selenium-safari-driver-3.4.0.jar:/Users/thierry/.m2/repository/org/seleniumhq/selenium/selenium-support/3.4.0/selenium-support-3.4.0.jar:/Users/thierry/.m2/repository/org/apache/commons/commons-exec/1.3/commons-exec-1.3.jar:/Users/thierry/.m2/repository/org/apache/commons/commons-lang3/3.5/commons-lang3-3.5.jar:/Users/thierry/.m2/repository/commons-codec/commons-codec/1.10/commons-codec-1.10.jar:/Users/thierry/.m2/repository/commons-io/commons-io/2.5/commons-io-2.5.jar:/Users/thierry/.m2/repository/commons-logging/commons-logging/1.2/commons-logging-1.2.jar:/Users/thierry/.m2/repository/org/w3c/css/sac/1.3/sac-1.3.jar:/Users/thierry/.m2/repository/net/sourceforge/cssparser/cssparser/0.9.22/cssparser-0.9.22.jar:/Users/thierry/.m2/repository/com/google/code/gson/gson/2.8.0/gson-2.8.0.jar:/Users/thierry/.m2/repository/net/sourceforge/htmlunit/htmlunit/2.26/htmlunit-2.26.jar:/Users/thierry/.m2/repository/net/sourceforge/htmlunit/htmlunit-core-js/2.26/htmlunit-core-js-2.26.jar:/Users/thierry/.m2/repository/net/sourceforge/htmlunit/neko-htmlunit/2.25/neko-htmlunit-2.25.jar:/Users/thierry/.m2/repository/org/apache/httpcomponents/httpclient/4.5.3/httpclient-4.5.3.jar:/Users/thierry/.m2/repository/org/apache/httpcomponents/httpcore/4.4.6/httpcore-4.4.6.jar:/Users/thierry/.m2/repository/org/apache/httpcomponents/httpmime/4.5.3/httpmime-4.5.3.jar:/Users/thierry/.m2/repository/org/eclipse/jetty/jetty-io/9.4.1.v20170120/jetty-io-9.4.1.v20170120.jar:/Users/thierry/.m2/repository/org/eclipse/jetty/jetty-util/9.4.1.v20170120/jetty-util-9.4.1.v20170120.jar:/Users/thierry/.m2/repository/net/java/dev/jna/jna-platform/4.1.0/jna-platform-4.1.0.jar:/Users/thierry/.m2/repository/junit/junit/4.12/junit-4.12.jar:/Users/thierry/.m2/repository/com/codeborne/phantomjsdriver/1.4.0/phantomjsdriver-1.4.0.jar:/Users/thierry/.m2/repository/org/seleniumhq/selenium/htmlunit-driver/2.26/htmlunit-driver-2.26.jar:/Users/thierry/.m2/repository/javax/servlet/javax.servlet-api/3.1.0/javax.servlet-api-3.1.0.jar:/Users/thierry/.m2/repository/org/eclipse/jetty/websocket/websocket-api/9.4.3.v20170317/websocket-api-9.4.3.v20170317.jar:/Users/thierry/.m2/repository/org/eclipse/jetty/websocket/websocket-client/9.4.3.v20170317/websocket-client-9.4.3.v20170317.jar:/Users/thierry/.m2/repository/org/eclipse/jetty/jetty-client/9.4.3.v20170317/jetty-client-9.4.3.v20170317.jar:/Users/thierry/.m2/repository/org/eclipse/jetty/jetty-http/9.4.3.v20170317/jetty-http-9.4.3.v20170317.jar:/Users/thierry/.m2/repository/org/eclipse/jetty/websocket/websocket-common/9.4.3.v20170317/websocket-common-9.4.3.v20170317.jar:/Users/thierry/.m2/repository/xalan/serializer/2.7.2/serializer-2.7.2.jar:/Users/thierry/.m2/repository/xalan/xalan/2.7.2/xalan-2.7.2.jar:/Users/thierry/.m2/repository/xerces/xercesImpl/2.11.0/xercesImpl-2.11.0.jar:/Users/thierry/.m2/repository/xml-apis/xml-apis/1.4.01/xml-apis-1.4.01.jar:/Users/thierry/.m2/repository/com/google/guava/guava/21.0/guava-21.0.jar:/Users/thierry/.m2/repository/ru/yandex/qatools/htmlelements/htmlelements-java/1.17/htmlelements-java-1.17.jar:/Users/thierry/.m2/repository/org/apache/maven/surefire/surefire-testng-utils/2.22.0/surefire-testng-utils-2.22.0.jar:/Users/thierry/.m2/repository/org/apache/maven/surefire/surefire-grouper/2.22.0/surefire-grouper-2.22.0.jar:"/>
    <property name="java.vm.vendor" value="Oracle Corporation"/>
    <property name="sun.arch.data.model" value="64"/>
    <property name="java.vendor.url" value="http://java.oracle.com/"/>
    <property name="user.timezone" value=""/>
    <property name="java.vm.specification.version" value="1.8"/>
    <property name="os.name" value="Mac OS X"/>
    <property name="user.country" value="FR"/>
    <property name="sun.java.launcher" value="SUN_STANDARD"/>
    <property name="sun.boot.library.path" value="/Library/Java/JavaVirtualMachines/jdk1.8.0_131.jdk/Contents/Home/jre/lib"/>
    <property name="sun.java.command" value="/Volumes/Original HDD/Development/Innovation Studio/Projects/assetmgmt/ui-automation/target/surefire/surefirebooter359588484829003258.jar /Volumes/Original HDD/Development/Innovation Studio/Projects/assetmgmt/ui-automation/target/surefire 2018-09-01T19-31-55_372-jvmRun1 surefire7926638783620309717tmp surefire_05003019159577985844tmp"/>
    <property name="http.nonProxyHosts" value="local|*.local|169.254/16|*.169.254/16"/>
    <property name="surefire.test.class.path" value="/Volumes/Original HDD/Development/Innovation Studio/Projects/assetmgmt/ui-automation/target/test-classes:/Volumes/Original HDD/Development/Innovation Studio/Projects/assetmgmt/ui-automation/target/classes:/Users/thierry/.m2/repository/com/bmc/arsys/com.bmc.arsys.rx.standardlib/18.2.0-SNAPSHOT/com.bmc.arsys.rx.standardlib-18.2.0-SNAPSHOT.jar:/Users/thierry/.m2/repository/com/bmc/arsys/com.bmc.arsys.rx.services/18.2.0-SNAPSHOT/com.bmc.arsys.rx.services-18.2.0-SNAPSHOT.jar:/Users/thierry/.m2/repository/com/bmc/arsys/com.bmc.arsys.rx.application/18.2.0-SNAPSHOT/com.bmc.arsys.rx.application-18.2.0-SNAPSHOT.jar:/Users/thierry/.m2/repository/javax/ws/rs/javax.ws.rs-api/2.0.1/javax.ws.rs-api-2.0.1.jar:/Users/thierry/.m2/repository/org/glassfish/jersey/core/jersey-common/2.22.2/jersey-common-2.22.2.jar:/Users/thierry/.m2/repository/javax/annotation/javax.annotation-api/1.2/javax.annotation-api-1.2.jar:/Users/thierry/.m2/repository/org/glassfish/jersey/bundles/repackaged/jersey-guava/2.22.2/jersey-guava-2.22.2.jar:/Users/thierry/.m2/repository/org/glassfish/hk2/hk2-api/2.4.0-b34/hk2-api-2.4.0-b34.jar:/Users/thierry/.m2/repository/org/glassfish/hk2/hk2-utils/2.4.0-b34/hk2-utils-2.4.0-b34.jar:/Users/thierry/.m2/repository/org/glassfish/hk2/external/aopalliance-repackaged/2.4.0-b34/aopalliance-repackaged-2.4.0-b34.jar:/Users/thierry/.m2/repository/org/glassfish/hk2/external/javax.inject/2.4.0-b34/javax.inject-2.4.0-b34.jar:/Users/thierry/.m2/repository/org/glassfish/hk2/hk2-locator/2.4.0-b34/hk2-locator-2.4.0-b34.jar:/Users/thierry/.m2/repository/org/javassist/javassist/3.18.1-GA/javassist-3.18.1-GA.jar:/Users/thierry/.m2/repository/org/glassfish/hk2/osgi-resource-locator/1.0.1/osgi-resource-locator-1.0.1.jar:/Users/thierry/.m2/repository/org/glassfish/jersey/core/jersey-client/2.22.2/jersey-client-2.22.2.jar:/Users/thierry/.m2/repository/org/glassfish/jersey/media/jersey-media-json-jackson/2.22.2/jersey-media-json-jackson-2.22.2.jar:/Users/thierry/.m2/repository/org/glassfish/jersey/ext/jersey-entity-filtering/2.22.2/jersey-entity-filtering-2.22.2.jar:/Users/thierry/.m2/repository/com/fasterxml/jackson/jaxrs/jackson-jaxrs-base/2.5.4/jackson-jaxrs-base-2.5.4.jar:/Users/thierry/.m2/repository/com/fasterxml/jackson/jaxrs/jackson-jaxrs-json-provider/2.5.4/jackson-jaxrs-json-provider-2.5.4.jar:/Users/thierry/.m2/repository/com/fasterxml/jackson/core/jackson-core/2.8.6/jackson-core-2.8.6.jar:/Users/thierry/.m2/repository/com/fasterxml/jackson/core/jackson-databind/2.8.6/jackson-databind-2.8.6.jar:/Users/thierry/.m2/repository/com/fasterxml/jackson/core/jackson-annotations/2.8.6/jackson-annotations-2.8.6.jar:/Users/thierry/.m2/repository/com/fasterxml/jackson/module/jackson-module-jsonSchema/2.8.6/jackson-module-jsonSchema-2.8.6.jar:/Users/thierry/.m2/repository/org/aspectj/aspectjrt/1.8.4/aspectjrt-1.8.4.jar:/Users/thierry/.m2/repository/org/springframework/spring-aspects/4.1.2.RELEASE/spring-aspects-4.1.2.RELEASE.jar:/Users/thierry/.m2/repository/org/aspectj/aspectjweaver/1.8.3/aspectjweaver-1.8.3.jar:/Users/thierry/.m2/repository/org/springframework/spring-tx/4.1.2.RELEASE/spring-tx-4.1.2.RELEASE.jar:/Users/thierry/.m2/repository/org/springframework/spring-beans/4.1.2.RELEASE/spring-beans-4.1.2.RELEASE.jar:/Users/thierry/.m2/repository/org/springframework/spring-core/4.1.2.RELEASE/spring-core-4.1.2.RELEASE.jar:/Users/thierry/.m2/repository/javax/validation/validation-api/1.1.0.Final/validation-api-1.1.0.Final.jar:/Users/thierry/.m2/repository/org/hibernate/hibernate-validator/5.2.3.Final/hibernate-validator-5.2.3.Final.jar:/Users/thierry/.m2/repository/org/jboss/logging/jboss-logging/3.2.1.Final/jboss-logging-3.2.1.Final.jar:/Users/thierry/.m2/repository/com/fasterxml/classmate/1.1.0/classmate-1.1.0.jar:/Users/thierry/.m2/repository/org/testng/testng/6.9.10/testng-6.9.10.jar:/Users/thierry/.m2/repository/com/beust/jcommander/1.48/jcommander-1.48.jar:/Users/thierry/.m2/repository/org/beanshell/bsh/2.0b4/bsh-2.0b4.jar:/Users/thierry/.m2/repository/joda-time/joda-time/1.6.2/joda-time-1.6.2.jar:/Users/thierry/.m2/repository/org/hamcrest/hamcrest-core/1.3/hamcrest-core-1.3.jar:/Users/thierry/.m2/repository/commons-lang/commons-lang/2.6/commons-lang-2.6.jar:/Users/thierry/.m2/repository/com/bmc/rx/test/automation-framework/18.2.0-SNAPSHOT/automation-framework-18.2.0-SNAPSHOT.jar:/Users/thierry/.m2/repository/com/bmc/rx/test/automation-framework-ui/18.2.0-SNAPSHOT/automation-framework-ui-18.2.0-SNAPSHOT.jar:/Users/thierry/.m2/repository/org/json/json/20090211/json-20090211.jar:/Users/thierry/.m2/repository/com/tngtech/jgiven/jgiven-testng/0.14.0/jgiven-testng-0.14.0.jar:/Users/thierry/.m2/repository/org/slf4j/slf4j-api/1.7.21/slf4j-api-1.7.21.jar:/Users/thierry/.m2/repository/com/tngtech/jgiven/jgiven-core/0.14.0/jgiven-core-0.14.0.jar:/Users/thierry/.m2/repository/com/thoughtworks/paranamer/paranamer/2.8/paranamer-2.8.jar:/Users/thierry/.m2/repository/net/bytebuddy/byte-buddy/1.5.1/byte-buddy-1.5.1.jar:/Users/thierry/.m2/repository/org/fusesource/jansi/jansi/1.13/jansi-1.13.jar:/Users/thierry/.m2/repository/com/tngtech/jgiven/jgiven-html5-report/0.14.0/jgiven-html5-report-0.14.0.jar:/Users/thierry/.m2/repository/org/awaitility/awaitility/2.0.0/awaitility-2.0.0.jar:/Users/thierry/.m2/repository/org/hamcrest/hamcrest-library/1.3/hamcrest-library-1.3.jar:/Users/thierry/.m2/repository/cglib/cglib-nodep/3.1/cglib-nodep-3.1.jar:/Users/thierry/.m2/repository/org/objenesis/objenesis/2.1/objenesis-2.1.jar:/Users/thierry/.m2/repository/org/slf4j/slf4j-log4j12/1.7.13/slf4j-log4j12-1.7.13.jar:/Users/thierry/.m2/repository/org/glassfish/jersey/media/jersey-media-multipart/2.13/jersey-media-multipart-2.13.jar:/Users/thierry/.m2/repository/org/jvnet/mimepull/mimepull/1.9.3/mimepull-1.9.3.jar:/Users/thierry/.m2/repository/com/fasterxml/jackson/datatype/jackson-datatype-json-org/2.4.0/jackson-datatype-json-org-2.4.0.jar:/Users/thierry/.m2/repository/org/apache/geronimo/bundles/json/20090211_1/json-20090211_1.jar:/Users/thierry/.m2/repository/log4j/log4j/1.2.17/log4j-1.2.17.jar:/Users/thierry/.m2/repository/org/codehaus/plexus/plexus-utils/2.0.5/plexus-utils-2.0.5.jar:/Users/thierry/.m2/repository/com/fasterxml/jackson/module/jackson-module-jaxb-annotations/2.7.5/jackson-module-jaxb-annotations-2.7.5.jar:/Users/thierry/.m2/repository/net/java/dev/jna/jna/3.2.7/jna-3.2.7.jar:/Users/thierry/.m2/repository/org/seleniumhq/selenium/selenium-java/3.4.0/selenium-java-3.4.0.jar:/Users/thierry/.m2/repository/org/seleniumhq/selenium/selenium-api/3.4.0/selenium-api-3.4.0.jar:/Users/thierry/.m2/repository/org/seleniumhq/selenium/selenium-chrome-driver/3.4.0/selenium-chrome-driver-3.4.0.jar:/Users/thierry/.m2/repository/org/seleniumhq/selenium/selenium-edge-driver/3.4.0/selenium-edge-driver-3.4.0.jar:/Users/thierry/.m2/repository/org/seleniumhq/selenium/selenium-firefox-driver/3.4.0/selenium-firefox-driver-3.4.0.jar:/Users/thierry/.m2/repository/org/seleniumhq/selenium/selenium-ie-driver/3.4.0/selenium-ie-driver-3.4.0.jar:/Users/thierry/.m2/repository/org/seleniumhq/selenium/selenium-opera-driver/3.4.0/selenium-opera-driver-3.4.0.jar:/Users/thierry/.m2/repository/org/seleniumhq/selenium/selenium-remote-driver/3.4.0/selenium-remote-driver-3.4.0.jar:/Users/thierry/.m2/repository/org/seleniumhq/selenium/selenium-safari-driver/3.4.0/selenium-safari-driver-3.4.0.jar:/Users/thierry/.m2/repository/org/seleniumhq/selenium/selenium-support/3.4.0/selenium-support-3.4.0.jar:/Users/thierry/.m2/repository/org/apache/commons/commons-exec/1.3/commons-exec-1.3.jar:/Users/thierry/.m2/repository/org/apache/commons/commons-lang3/3.5/commons-lang3-3.5.jar:/Users/thierry/.m2/repository/commons-codec/commons-codec/1.10/commons-codec-1.10.jar:/Users/thierry/.m2/repository/commons-io/commons-io/2.5/commons-io-2.5.jar:/Users/thierry/.m2/repository/commons-logging/commons-logging/1.2/commons-logging-1.2.jar:/Users/thierry/.m2/repository/org/w3c/css/sac/1.3/sac-1.3.jar:/Users/thierry/.m2/repository/net/sourceforge/cssparser/cssparser/0.9.22/cssparser-0.9.22.jar:/Users/thierry/.m2/repository/com/google/code/gson/gson/2.8.0/gson-2.8.0.jar:/Users/thierry/.m2/repository/net/sourceforge/htmlunit/htmlunit/2.26/htmlunit-2.26.jar:/Users/thierry/.m2/repository/net/sourceforge/htmlunit/htmlunit-core-js/2.26/htmlunit-core-js-2.26.jar:/Users/thierry/.m2/repository/net/sourceforge/htmlunit/neko-htmlunit/2.25/neko-htmlunit-2.25.jar:/Users/thierry/.m2/repository/org/apache/httpcomponents/httpclient/4.5.3/httpclient-4.5.3.jar:/Users/thierry/.m2/repository/org/apache/httpcomponents/httpcore/4.4.6/httpcore-4.4.6.jar:/Users/thierry/.m2/repository/org/apache/httpcomponents/httpmime/4.5.3/httpmime-4.5.3.jar:/Users/thierry/.m2/repository/org/eclipse/jetty/jetty-io/9.4.1.v20170120/jetty-io-9.4.1.v20170120.jar:/Users/thierry/.m2/repository/org/eclipse/jetty/jetty-util/9.4.1.v20170120/jetty-util-9.4.1.v20170120.jar:/Users/thierry/.m2/repository/net/java/dev/jna/jna-platform/4.1.0/jna-platform-4.1.0.jar:/Users/thierry/.m2/repository/junit/junit/4.12/junit-4.12.jar:/Users/thierry/.m2/repository/com/codeborne/phantomjsdriver/1.4.0/phantomjsdriver-1.4.0.jar:/Users/thierry/.m2/repository/org/seleniumhq/selenium/htmlunit-driver/2.26/htmlunit-driver-2.26.jar:/Users/thierry/.m2/repository/javax/servlet/javax.servlet-api/3.1.0/javax.servlet-api-3.1.0.jar:/Users/thierry/.m2/repository/org/eclipse/jetty/websocket/websocket-api/9.4.3.v20170317/websocket-api-9.4.3.v20170317.jar:/Users/thierry/.m2/repository/org/eclipse/jetty/websocket/websocket-client/9.4.3.v20170317/websocket-client-9.4.3.v20170317.jar:/Users/thierry/.m2/repository/org/eclipse/jetty/jetty-client/9.4.3.v20170317/jetty-client-9.4.3.v20170317.jar:/Users/thierry/.m2/repository/org/eclipse/jetty/jetty-http/9.4.3.v20170317/jetty-http-9.4.3.v20170317.jar:/Users/thierry/.m2/repository/org/eclipse/jetty/websocket/websocket-common/9.4.3.v20170317/websocket-common-9.4.3.v20170317.jar:/Users/thierry/.m2/repository/xalan/serializer/2.7.2/serializer-2.7.2.jar:/Users/thierry/.m2/repository/xalan/xalan/2.7.2/xalan-2.7.2.jar:/Users/thierry/.m2/repository/xerces/xercesImpl/2.11.0/xercesImpl-2.11.0.jar:/Users/thierry/.m2/repository/xml-apis/xml-apis/1.4.01/xml-apis-1.4.01.jar:/Users/thierry/.m2/repository/com/google/guava/guava/21.0/guava-21.0.jar:/Users/thierry/.m2/repository/ru/yandex/qatools/htmlelements/htmlelements-java/1.17/htmlelements-java-1.17.jar:/Users/thierry/.m2/repository/org/apache/maven/surefire/surefire-testng-utils/2.22.0/surefire-testng-utils-2.22.0.jar:/Users/thierry/.m2/repository/org/apache/maven/surefire/surefire-grouper/2.22.0/surefire-grouper-2.22.0.jar:"/>
    <property name="sun.cpu.endian" value="little"/>
    <property name="user.home" value="/Users/thierry"/>
    <property name="user.language" value="fr"/>
    <property name="java.specification.vendor" value="Oracle Corporation"/>
    <property name="java.home" value="/Library/Java/JavaVirtualMachines/jdk1.8.0_131.jdk/Contents/Home/jre"/>
    <property name="basedir" value="/Volumes/Original HDD/Development/Innovation Studio/Projects/assetmgmt/ui-automation"/>
    <property name="file.separator" value="/"/>
    <property name="line.separator" value="&#10;"/>
    <property name="java.vm.specification.vendor" value="Oracle Corporation"/>
    <property name="java.specification.name" value="Java Platform API Specification"/>
    <property name="java.awt.graphicsenv" value="sun.awt.CGraphicsEnvironment"/>
    <property name="surefire.real.class.path" value="/Volumes/Original HDD/Development/Innovation Studio/Projects/assetmgmt/ui-automation/target/surefire/surefirebooter359588484829003258.jar"/>
    <property name="sun.boot.class.path" value="/Library/Java/JavaVirtualMachines/jdk1.8.0_131.jdk/Contents/Home/jre/lib/resources.jar:/Library/Java/JavaVirtualMachines/jdk1.8.0_131.jdk/Contents/Home/jre/lib/rt.jar:/Library/Java/JavaVirtualMachines/jdk1.8.0_131.jdk/Contents/Home/jre/lib/sunrsasign.jar:/Library/Java/JavaVirtualMachines/jdk1.8.0_131.jdk/Contents/Home/jre/lib/jsse.jar:/Library/Java/JavaVirtualMachines/jdk1.8.0_131.jdk/Contents/Home/jre/lib/jce.jar:/Library/Java/JavaVirtualMachines/jdk1.8.0_131.jdk/Contents/Home/jre/lib/charsets.jar:/Library/Java/JavaVirtualMachines/jdk1.8.0_131.jdk/Contents/Home/jre/lib/jfr.jar:/Library/Java/JavaVirtualMachines/jdk1.8.0_131.jdk/Contents/Home/jre/classes"/>
    <property name="sun.management.compiler" value="HotSpot 64-Bit Tiered Compilers"/>
    <property name="ftp.nonProxyHosts" value="local|*.local|169.254/16|*.169.254/16"/>
    <property name="java.runtime.version" value="1.8.0_131-b11"/>
    <property name="user.name" value="thierry"/>
    <property name="path.separator" value=":"/>
    <property name="os.version" value="10.13.5"/>
    <property name="java.endorsed.dirs" value="/Library/Java/JavaVirtualMachines/jdk1.8.0_131.jdk/Contents/Home/jre/lib/endorsed"/>
    <property name="java.runtime.name" value="Java(TM) SE Runtime Environment"/>
    <property name="file.encoding" value="UTF-8"/>
    <property name="java.vm.name" value="Java HotSpot(TM) 64-Bit Server VM"/>
    <property name="localRepository" value="/Users/thierry/.m2/repository"/>
    <property name="java.vendor.url.bug" value="http://bugreport.sun.com/bugreport/"/>
    <property name="java.io.tmpdir" value="/var/folders/4b/t_0fzvp56v714pw9hk3pmwhr0000gn/T/"/>
    <property name="java.version" value="1.8.0_131"/>
    <property name="user.dir" value="/Volumes/Original HDD/Development/Innovation Studio/Projects/assetmgmt/ui-automation"/>
    <property name="os.arch" value="x86_64"/>
    <property name="java.vm.specification.name" value="Java Virtual Machine Specification"/>
    <property name="java.awt.printerjob" value="sun.lwawt.macosx.CPrinterJob"/>
    <property name="user.language.format" value="en"/>
    <property name="sun.os.patch.level" value="unknown"/>
    <property name="java.library.path" value="/Users/thierry/Library/Java/Extensions:/Library/Java/Extensions:/Network/Library/Java/Extensions:/System/Library/Java/Extensions:/usr/lib/java:."/>
    <property name="java.vm.info" value="mixed mode"/>
    <property name="java.vendor" value="Oracle Corporation"/>
    <property name="java.vm.version" value="25.131-b11"/>
    <property name="java.ext.dirs" value="/Users/thierry/Library/Java/Extensions:/Library/Java/JavaVirtualMachines/jdk1.8.0_131.jdk/Contents/Home/jre/lib/ext:/Library/Java/Extensions:/Network/Library/Java/Extensions:/System/Library/Java/Extensions:/usr/lib/java"/>
    <property name="sun.io.unicode.encoding" value="UnicodeBig"/>
    <property name="java.class.version" value="52.0"/>
    <property name="socksNonProxyHosts" value="local|*.local|169.254/16|*.169.254/16"/>
  </properties>
</testsuite>